<?xml version="1.0" encoding="UTF-8"?>
<!-- Generated by org.testng.reporters.JUnitReportReporter -->
<testsuite hostname="DESKTOP-H50J06T" failures="0" tests="1" name="TPOS.LOGIN.validateNavigationBar" time="0.049" errors="0" timestamp="2021-04-28T09:05:35 ICT" skipped="0">
  <testcase classname="TPOS.LOGIN.validateNavigationBar" name="validateAppNavBar" time="0.049"/>
  <system-out/>
</testsuite> <!-- TPOS.LOGIN.validateNavigationBar -->
