<?xml version="1.0" encoding="UTF-8"?>
<!-- Generated by org.testng.reporters.JUnitReportReporter -->
<testsuite hostname="DESKTOP-H50J06T" failures="0" tests="1" name="TPOS.LOGIN.LoginHome" time="7.005" errors="0" timestamp="2021-05-10T11:51:10 ICT" skipped="0">
  <testcase classname="TPOS.LOGIN.LoginHome" name="loginsuccessful" time="7.005"/>
  <system-out/>
</testsuite> <!-- TPOS.LOGIN.LoginHome -->
