<?xml version="1.0" encoding="UTF-8"?>
<!-- Generated by org.testng.reporters.JUnitReportReporter -->
<testsuite hostname="DESKTOP-H50J06T" failures="0" tests="1" name="TPOS.LOGIN.LoginHome" time="6.990" errors="0" timestamp="2021-05-12T15:54:02 ICT" skipped="0">
  <testcase classname="TPOS.LOGIN.LoginHome" name="loginsuccessful" time="6.990"/>
  <system-out/>
</testsuite> <!-- TPOS.LOGIN.LoginHome -->
