<?xml version="1.0" encoding="UTF-8"?>
<!-- Generated by org.testng.reporters.JUnitReportReporter -->
<testsuite hostname="DESKTOP-H50J06T" failures="0" tests="3" name="TPOS.SALES.ReturnsPage" time="37.756" errors="0" timestamp="2021-05-25T15:54:21 ICT" skipped="0">
  <testcase classname="TPOS.SALES.ReturnsPage" name="login" time="9.096"/>
  <system-out/>
  <testcase classname="TPOS.SALES.ReturnsPage" name="AddReturns" time="9.277"/>
  <system-out/>
  <testcase classname="TPOS.SALES.ReturnsPage" name="LuuTraHang" time="19.383"/>
  <system-out/>
</testsuite> <!-- TPOS.SALES.ReturnsPage -->
