<?xml version="1.0" encoding="UTF-8"?>
<!-- Generated by org.testng.reporters.JUnitReportReporter -->
<testsuite hostname="DESKTOP-H50J06T" failures="0" tests="3" name="TPOS.SALES.BillofDelivery" time="41.854" errors="0" timestamp="2021-05-24T15:48:31 ICT" skipped="0">
  <testcase classname="TPOS.SALES.BillofDelivery" name="login" time="7.618"/>
  <system-out/>
  <testcase classname="TPOS.SALES.BillofDelivery" name="Thanhtoan" time="27.880"/>
  <system-out/>
  <testcase classname="TPOS.SALES.BillofDelivery" name="Openthemhoadongiaohang" time="6.356"/>
  <system-out/>
</testsuite> <!-- TPOS.SALES.BillofDelivery -->
