<?xml version="1.0" encoding="UTF-8"?>
<!-- Generated by org.testng.reporters.JUnitReportReporter -->
<testsuite hostname="DESKTOP-H50J06T" failures="0" tests="3" name="TPOS.SALES.ReturnsPage" time="23.694" errors="0" timestamp="2021-05-05T11:40:44 ICT" skipped="0">
  <testcase classname="TPOS.SALES.ReturnsPage" name="loginsuccessful" time="9.271"/>
  <system-out/>
  <testcase classname="TPOS.SALES.ReturnsPage" name="AddReturns" time="6.254"/>
  <system-out/>
  <testcase classname="TPOS.SALES.ReturnsPage" name="LetEmpty" time="8.169"/>
  <system-out/>
</testsuite> <!-- TPOS.SALES.ReturnsPage -->
