<?xml version="1.0" encoding="UTF-8"?>
<!-- Generated by org.testng.reporters.JUnitReportReporter -->
<testsuite hostname="DESKTOP-H50J06T" failures="0" tests="4" name="TPOS.SALES.AddNewCustomer$ReturnsPage1" time="0.006" errors="0" timestamp="2021-05-05T11:42:13 ICT" skipped="1">
  <testcase classname="TPOS.SALES.AddNewCustomer$ReturnsPage1" name="loginsuccessful" time="0.004"/>
  <system-out/>
  <testcase classname="TPOS.SALES.AddNewCustomer$ReturnsPage1" name="AddReturns" time="0.001"/>
  <system-out/>
  <testcase classname="TPOS.SALES.AddNewCustomer$ReturnsPage1" name="LetEmpty" time="0.001"/>
  <system-out/>
  <testcase classname="TPOS.SALES.AddNewCustomer$ReturnsPage1" name="AddNewCustomer" time="0.000">
    <skipped/>
  </testcase> <!-- AddNewCustomer -->
  <system-out/>
</testsuite> <!-- TPOS.SALES.AddNewCustomer$ReturnsPage1 -->
