<?xml version="1.0" encoding="UTF-8"?>
<!-- Generated by org.testng.reporters.JUnitReportReporter -->
<testsuite hostname="DESKTOP-H50J06T" failures="0" tests="5" name="TPOS.CATEGORY.Supplier" time="58.083" errors="0" timestamp="2021-05-20T15:42:27 ICT" skipped="0">
  <testcase classname="TPOS.CATEGORY.Supplier" name="login" time="8.832"/>
  <system-out/>
  <testcase classname="TPOS.CATEGORY.Supplier" name="supplier_url1" time="12.475"/>
  <system-out/>
  <testcase classname="TPOS.CATEGORY.Supplier" name="AddNewSupplier" time="12.252"/>
  <system-out/>
  <testcase classname="TPOS.CATEGORY.Supplier" name="AddNewSupplier" time="12.259"/>
  <system-out/>
  <testcase classname="TPOS.CATEGORY.Supplier" name="AddNewSupplier" time="12.265"/>
  <system-out/>
</testsuite> <!-- TPOS.CATEGORY.Supplier -->
