<?xml version="1.0" encoding="UTF-8"?>
<!-- Generated by org.testng.reporters.JUnitReportReporter -->
<testsuite hostname="DESKTOP-H50J06T" failures="0" tests="1" name="TPOS.LOGIN.validateNavigationBar" time="0.183" errors="0" timestamp="2021-05-12T15:49:09 ICT" skipped="0">
  <testcase classname="TPOS.LOGIN.validateNavigationBar" name="validateAppNavBar" time="0.183"/>
  <system-out/>
</testsuite> <!-- TPOS.LOGIN.validateNavigationBar -->
